Downloading file to validate.
File download complete
File validated against rules.
Temporary downloaded file deleted
{'model': 'capri', 'scenario': 'baseline', 'region': 'can', 'item': 'osd', 'variable': 'adval_equ', 'year': '2020', 'unit': '%', 'value': '1.525669895'}
'adval_equ' must be one of dict_keys(['area', 'arir', 'arrf', 'calo', 'cons', 'ctax', 'ech4', 'eco2', 'emis', 'en2o', 'expo', 'fdry', 'feed', 'feef', 'fexo', 'ffsh', 'fnrm', 'food', 'frtn', 'frum', 'gdpt', 'impo', 'land', 'lyld', 'lyxo', 'nett', 'nsif', 'nsim', 'nsin', 'nssu', 'nswi', 'othu', 'popt', 'prod', 'watr', 'xprp', 'xprx', 'yecc', 'yexo', 'yiir', 'yild', 'yirf'])
{'model': 'capri', 'scenario': 'baseline', 'region': 'can', 'item': 'ric', 'variable': 'cali', 'year': '2030', 'unit': 'kcal/cap/d', 'value': '42.05975591'}
'cali' must be one of dict_keys(['area', 'arir', 'arrf', 'calo', 'cons', 'ctax', 'ech4', 'eco2', 'emis', 'en2o', 'expo', 'fdry', 'feed', 'feef', 'fexo', 'ffsh', 'fnrm', 'food', 'frtn', 'frum', 'gdpt', 'impo', 'land', 'lyld', 'lyxo', 'nett', 'nsif', 'nsim', 'nsin', 'nssu', 'nswi', 'othu', 'popt', 'prod', 'watr', 'xprp', 'xprx', 'yecc', 'yexo', 'yiir', 'yild', 'yirf'])
{'model': 'capri', 'scenario': 'baseline', 'region': 'can', 'item': 'leg', 'variable': 'cali', 'year': '2050', 'unit': 'kcal/cap/d', 'value': '83.8544208'}
'cali' must be one of dict_keys(['area', 'arir', 'arrf', 'calo', 'cons', 'ctax', 'ech4', 'eco2', 'emis', 'en2o', 'expo', 'fdry', 'feed', 'feef', 'fexo', 'ffsh', 'fnrm', 'food', 'frtn', 'frum', 'gdpt', 'impo', 'land', 'lyld', 'lyxo', 'nett', 'nsif', 'nsim', 'nsin', 'nssu', 'nswi', 'othu', 'popt', 'prod', 'watr', 'xprp', 'xprx', 'yecc', 'yexo', 'yiir', 'yild', 'yirf'])
{'model': 'capri', 'scenario': 'baseline', 'region': 'can', 'item': 'ric', 'variable': 'cali', 'year': '2020', 'unit': 'kcal/cap/d', 'value': '39.99601563'}
'cali' must be one of dict_keys(['area', 'arir', 'arrf', 'calo', 'cons', 'ctax', 'ech4', 'eco2', 'emis', 'en2o', 'expo', 'fdry', 'feed', 'feef', 'fexo', 'ffsh', 'fnrm', 'food', 'frtn', 'frum', 'gdpt', 'impo', 'land', 'lyld', 'lyxo', 'nett', 'nsif', 'nsim', 'nsin', 'nssu', 'nswi', 'othu', 'popt', 'prod', 'watr', 'xprp', 'xprx', 'yecc', 'yexo', 'yiir', 'yild', 'yirf'])
{'model': 'capri', 'scenario': 'baseline', 'region': 'can', 'item': 'leg', 'variable': 'cali', 'year': '2040', 'unit': 'kcal/cap/d', 'value': '87.48117163'}
'cali' must be one of dict_keys(['area', 'arir', 'arrf', 'calo', 'cons', 'ctax', 'ech4', 'eco2', 'emis', 'en2o', 'expo', 'fdry', 'feed', 'feef', 'fexo', 'ffsh', 'fnrm', 'food', 'frtn', 'frum', 'gdpt', 'impo', 'land', 'lyld', 'lyxo', 'nett', 'nsif', 'nsim', 'nsin', 'nssu', 'nswi', 'othu', 'popt', 'prod', 'watr', 'xprp', 'xprx', 'yecc', 'yexo', 'yiir', 'yild', 'yirf'])
{'model': 'capri', 'scenario': 'baseline', 'region': 'can', 'item': 'wht', 'variable': 'cali', 'year': '2050', 'unit': 'kcal/cap/d', 'value': '287.6477269'}
'cali' must be one of dict_keys(['area', 'arir', 'arrf', 'calo', 'cons', 'ctax', 'ech4', 'eco2', 'emis', 'en2o', 'expo', 'fdry', 'feed', 'feef', 'fexo', 'ffsh', 'fnrm', 'food', 'frtn', 'frum', 'gdpt', 'impo', 'land', 'lyld', 'lyxo', 'nett', 'nsif', 'nsim', 'nsin', 'nssu', 'nswi', 'othu', 'popt', 'prod', 'watr', 'xprp', 'xprx', 'yecc', 'yexo', 'yiir', 'yild', 'yirf'])
{'model': 'capri', 'scenario': 'baseline', 'region': 'can', 'item': 'sgc', 'variable': 'cali', 'year': '2030', 'unit': 'kcal/cap/d', 'value': '479.2271315'}
'cali' must be one of dict_keys(['area', 'arir', 'arrf', 'calo', 'cons', 'ctax', 'ech4', 'eco2', 'emis', 'en2o', 'expo', 'fdry', 'feed', 'feef', 'fexo', 'ffsh', 'fnrm', 'food', 'frtn', 'frum', 'gdpt', 'impo', 'land', 'lyld', 'lyxo', 'nett', 'nsif', 'nsim', 'nsin', 'nssu', 'nswi', 'othu', 'popt', 'prod', 'watr', 'xprp', 'xprx', 'yecc', 'yexo', 'yiir', 'yild', 'yirf'])
{'model': 'capri', 'scenario': 'baseline', 'region': 'can', 'item': 'ric', 'variable': 'adval_equ', 'year': '2020', 'unit': '%', 'value': '1.237336259'}
'adval_equ' must be one of dict_keys(['area', 'arir', 'arrf', 'calo', 'cons', 'ctax', 'ech4', 'eco2', 'emis', 'en2o', 'expo', 'fdry', 'feed', 'feef', 'fexo', 'ffsh', 'fnrm', 'food', 'frtn', 'frum', 'gdpt', 'impo', 'land', 'lyld', 'lyxo', 'nett', 'nsif', 'nsim', 'nsin', 'nssu', 'nswi', 'othu', 'popt', 'prod', 'watr', 'xprp', 'xprx', 'yecc', 'yexo', 'yiir', 'yild', 'yirf'])
{'model': 'capri', 'scenario': 'baseline', 'region': 'can', 'item': 'leg', 'variable': 'adval_equ', 'year': '2030', 'unit': '%', 'value': '0.177372167'}
'adval_equ' must be one of dict_keys(['area', 'arir', 'arrf', 'calo', 'cons', 'ctax', 'ech4', 'eco2', 'emis', 'en2o', 'expo', 'fdry', 'feed', 'feef', 'fexo', 'ffsh', 'fnrm', 'food', 'frtn', 'frum', 'gdpt', 'impo', 'land', 'lyld', 'lyxo', 'nett', 'nsif', 'nsim', 'nsin', 'nssu', 'nswi', 'othu', 'popt', 'prod', 'watr', 'xprp', 'xprx', 'yecc', 'yexo', 'yiir', 'yild', 'yirf'])
{'model': 'capri', 'scenario': 'baseline', 'region': 'can', 'item': 'wht', 'variable': 'cali', 'year': '2040', 'unit': 'kcal/cap/d', 'value': '285.4477517'}
'cali' must be one of dict_keys(['area', 'arir', 'arrf', 'calo', 'cons', 'ctax', 'ech4', 'eco2', 'emis', 'en2o', 'expo', 'fdry', 'feed', 'feef', 'fexo', 'ffsh', 'fnrm', 'food', 'frtn', 'frum', 'gdpt', 'impo', 'land', 'lyld', 'lyxo', 'nett', 'nsif', 'nsim', 'nsin', 'nssu', 'nswi', 'othu', 'popt', 'prod', 'watr', 'xprp', 'xprx', 'yecc', 'yexo', 'yiir', 'yild', 'yirf'])
{'model': 'capri', 'scenario': 'baseline', 'region': 'can', 'item': 'wht', 'variable': 'adval_equ', 'year': '2030', 'unit': '%', 'value': '19.01436202'}
'adval_equ' must be one of dict_keys(['area', 'arir', 'arrf', 'calo', 'cons', 'ctax', 'ech4', 'eco2', 'emis', 'en2o', 'expo', 'fdry', 'feed', 'feef', 'fexo', 'ffsh', 'fnrm', 'food', 'frtn', 'frum', 'gdpt', 'impo', 'land', 'lyld', 'lyxo', 'nett', 'nsif', 'nsim', 'nsin', 'nssu', 'nswi', 'othu', 'popt', 'prod', 'watr', 'xprp', 'xprx', 'yecc', 'yexo', 'yiir', 'yild', 'yirf'])
{'model': 'capri', 'scenario': 'baseline', 'region': 'can', 'item': 'ric', 'variable': 'adval_equ', 'year': '2030', 'unit': '%', 'value': '1.256230809'}
'adval_equ' must be one of dict_keys(['area', 'arir', 'arrf', 'calo', 'cons', 'ctax', 'ech4', 'eco2', 'emis', 'en2o', 'expo', 'fdry', 'feed', 'feef', 'fexo', 'ffsh', 'fnrm', 'food', 'frtn', 'frum', 'gdpt', 'impo', 'land', 'lyld', 'lyxo', 'nett', 'nsif', 'nsim', 'nsin', 'nssu', 'nswi', 'othu', 'popt', 'prod', 'watr', 'xprp', 'xprx', 'yecc', 'yexo', 'yiir', 'yild', 'yirf'])
{'model': 'capri', 'scenario': 'baseline', 'region': 'can', 'item': 'leg', 'variable': 'adval_equ', 'year': '2020', 'unit': '%', 'value': '0.179134407'}
'adval_equ' must be one of dict_keys(['area', 'arir', 'arrf', 'calo', 'cons', 'ctax', 'ech4', 'eco2', 'emis', 'en2o', 'expo', 'fdry', 'feed', 'feef', 'fexo', 'ffsh', 'fnrm', 'food', 'frtn', 'frum', 'gdpt', 'impo', 'land', 'lyld', 'lyxo', 'nett', 'nsif', 'nsim', 'nsin', 'nssu', 'nswi', 'othu', 'popt', 'prod', 'watr', 'xprp', 'xprx', 'yecc', 'yexo', 'yiir', 'yild', 'yirf'])
{'model': 'capri', 'scenario': 'baseline', 'region': 'can', 'item': 'cgr', 'variable': 'adval_equ', 'year': '2040', 'unit': '%', 'value': '8.972150987'}
'adval_equ' must be one of dict_keys(['area', 'arir', 'arrf', 'calo', 'cons', 'ctax', 'ech4', 'eco2', 'emis', 'en2o', 'expo', 'fdry', 'feed', 'feef', 'fexo', 'ffsh', 'fnrm', 'food', 'frtn', 'frum', 'gdpt', 'impo', 'land', 'lyld', 'lyxo', 'nett', 'nsif', 'nsim', 'nsin', 'nssu', 'nswi', 'othu', 'popt', 'prod', 'watr', 'xprp', 'xprx', 'yecc', 'yexo', 'yiir', 'yild', 'yirf'])
{'model': 'capri', 'scenario': 'baseline', 'region': 'can', 'item': 'ric', 'variable': 'cali', 'year': '2040', 'unit': 'kcal/cap/d', 'value': '45.36151922'}
'cali' must be one of dict_keys(['area', 'arir', 'arrf', 'calo', 'cons', 'ctax', 'ech4', 'eco2', 'emis', 'en2o', 'expo', 'fdry', 'feed', 'feef', 'fexo', 'ffsh', 'fnrm', 'food', 'frtn', 'frum', 'gdpt', 'impo', 'land', 'lyld', 'lyxo', 'nett', 'nsif', 'nsim', 'nsin', 'nssu', 'nswi', 'othu', 'popt', 'prod', 'watr', 'xprp', 'xprx', 'yecc', 'yexo', 'yiir', 'yild', 'yirf'])
{'model': 'capri', 'scenario': 'baseline', 'region': 'can', 'item': 'cgr', 'variable': 'adval_equ', 'year': '2020', 'unit': '%', 'value': '9.855113647'}
'adval_equ' must be one of dict_keys(['area', 'arir', 'arrf', 'calo', 'cons', 'ctax', 'ech4', 'eco2', 'emis', 'en2o', 'expo', 'fdry', 'feed', 'feef', 'fexo', 'ffsh', 'fnrm', 'food', 'frtn', 'frum', 'gdpt', 'impo', 'land', 'lyld', 'lyxo', 'nett', 'nsif', 'nsim', 'nsin', 'nssu', 'nswi', 'othu', 'popt', 'prod', 'watr', 'xprp', 'xprx', 'yecc', 'yexo', 'yiir', 'yild', 'yirf'])
{'model': 'capri', 'scenario': 'baseline', 'region': 'can', 'item': 'ric', 'variable': 'adval_equ', 'year': '2050', 'unit': '%', 'value': '1.231732058'}
'adval_equ' must be one of dict_keys(['area', 'arir', 'arrf', 'calo', 'cons', 'ctax', 'ech4', 'eco2', 'emis', 'en2o', 'expo', 'fdry', 'feed', 'feef', 'fexo', 'ffsh', 'fnrm', 'food', 'frtn', 'frum', 'gdpt', 'impo', 'land', 'lyld', 'lyxo', 'nett', 'nsif', 'nsim', 'nsin', 'nssu', 'nswi', 'othu', 'popt', 'prod', 'watr', 'xprp', 'xprx', 'yecc', 'yexo', 'yiir', 'yild', 'yirf'])
{'model': 'capri', 'scenario': 'baseline', 'region': 'can', 'item': 'sgc', 'variable': 'adval_equ', 'year': '2030', 'unit': '%', 'value': '2.793198494'}
'adval_equ' must be one of dict_keys(['area', 'arir', 'arrf', 'calo', 'cons', 'ctax', 'ech4', 'eco2', 'emis', 'en2o', 'expo', 'fdry', 'feed', 'feef', 'fexo', 'ffsh', 'fnrm', 'food', 'frtn', 'frum', 'gdpt', 'impo', 'land', 'lyld', 'lyxo', 'nett', 'nsif', 'nsim', 'nsin', 'nssu', 'nswi', 'othu', 'popt', 'prod', 'watr', 'xprp', 'xprx', 'yecc', 'yexo', 'yiir', 'yild', 'yirf'])
{'model': 'capri', 'scenario': 'baseline', 'region': 'can', 'item': 'cgr', 'variable': 'cali', 'year': '2050', 'unit': 'kcal/cap/d', 'value': '99.58276752'}
'cali' must be one of dict_keys(['area', 'arir', 'arrf', 'calo', 'cons', 'ctax', 'ech4', 'eco2', 'emis', 'en2o', 'expo', 'fdry', 'feed', 'feef', 'fexo', 'ffsh', 'fnrm', 'food', 'frtn', 'frum', 'gdpt', 'impo', 'land', 'lyld', 'lyxo', 'nett', 'nsif', 'nsim', 'nsin', 'nssu', 'nswi', 'othu', 'popt', 'prod', 'watr', 'xprp', 'xprx', 'yecc', 'yexo', 'yiir', 'yild', 'yirf'])
{'model': 'capri', 'scenario': 'baseline', 'region': 'can', 'item': 'osd', 'variable': 'cali', 'year': '2030', 'unit': 'kcal/cap/d', 'value': '205.4809978'}
'cali' must be one of dict_keys(['area', 'arir', 'arrf', 'calo', 'cons', 'ctax', 'ech4', 'eco2', 'emis', 'en2o', 'expo', 'fdry', 'feed', 'feef', 'fexo', 'ffsh', 'fnrm', 'food', 'frtn', 'frum', 'gdpt', 'impo', 'land', 'lyld', 'lyxo', 'nett', 'nsif', 'nsim', 'nsin', 'nssu', 'nswi', 'othu', 'popt', 'prod', 'watr', 'xprp', 'xprx', 'yecc', 'yexo', 'yiir', 'yild', 'yirf'])
{'model': 'capri', 'scenario': 'baseline', 'region': 'can', 'item': 'cgr', 'variable': 'cali', 'year': '2040', 'unit': 'kcal/cap/d', 'value': '140.4012441'}
'cali' must be one of dict_keys(['area', 'arir', 'arrf', 'calo', 'cons', 'ctax', 'ech4', 'eco2', 'emis', 'en2o', 'expo', 'fdry', 'feed', 'feef', 'fexo', 'ffsh', 'fnrm', 'food', 'frtn', 'frum', 'gdpt', 'impo', 'land', 'lyld', 'lyxo', 'nett', 'nsif', 'nsim', 'nsin', 'nssu', 'nswi', 'othu', 'popt', 'prod', 'watr', 'xprp', 'xprx', 'yecc', 'yexo', 'yiir', 'yild', 'yirf'])
{'model': 'capri', 'scenario': 'baseline', 'region': 'can', 'item': 'vfn', 'variable': 'adval_equ', 'year': '2020', 'unit': '%', 'value': '2.032083623'}
'adval_equ' must be one of dict_keys(['area', 'arir', 'arrf', 'calo', 'cons', 'ctax', 'ech4', 'eco2', 'emis', 'en2o', 'expo', 'fdry', 'feed', 'feef', 'fexo', 'ffsh', 'fnrm', 'food', 'frtn', 'frum', 'gdpt', 'impo', 'land', 'lyld', 'lyxo', 'nett', 'nsif', 'nsim', 'nsin', 'nssu', 'nswi', 'othu', 'popt', 'prod', 'watr', 'xprp', 'xprx', 'yecc', 'yexo', 'yiir', 'yild', 'yirf'])
{'model': 'capri', 'scenario': 'baseline', 'region': 'can', 'item': 'osd', 'variable': 'adval_equ', 'year': '2040', 'unit': '%', 'value': '1.530648671'}
'adval_equ' must be one of dict_keys(['area', 'arir', 'arrf', 'calo', 'cons', 'ctax', 'ech4', 'eco2', 'emis', 'en2o', 'expo', 'fdry', 'feed', 'feef', 'fexo', 'ffsh', 'fnrm', 'food', 'frtn', 'frum', 'gdpt', 'impo', 'land', 'lyld', 'lyxo', 'nett', 'nsif', 'nsim', 'nsin', 'nssu', 'nswi', 'othu', 'popt', 'prod', 'watr', 'xprp', 'xprx', 'yecc', 'yexo', 'yiir', 'yild', 'yirf'])
{'model': 'capri', 'scenario': 'baseline', 'region': 'can', 'item': 'wht', 'variable': 'adval_equ', 'year': '2050', 'unit': '%', 'value': '18.62243416'}
'adval_equ' must be one of dict_keys(['area', 'arir', 'arrf', 'calo', 'cons', 'ctax', 'ech4', 'eco2', 'emis', 'en2o', 'expo', 'fdry', 'feed', 'feef', 'fexo', 'ffsh', 'fnrm', 'food', 'frtn', 'frum', 'gdpt', 'impo', 'land', 'lyld', 'lyxo', 'nett', 'nsif', 'nsim', 'nsin', 'nssu', 'nswi', 'othu', 'popt', 'prod', 'watr', 'xprp', 'xprx', 'yecc', 'yexo', 'yiir', 'yild', 'yirf'])
{'model': 'capri', 'scenario': 'baseline', 'region': 'can', 'item': 'leg', 'variable': 'adval_equ', 'year': '2050', 'unit': '%', 'value': '0.176922781'}
'adval_equ' must be one of dict_keys(['area', 'arir', 'arrf', 'calo', 'cons', 'ctax', 'ech4', 'eco2', 'emis', 'en2o', 'expo', 'fdry', 'feed', 'feef', 'fexo', 'ffsh', 'fnrm', 'food', 'frtn', 'frum', 'gdpt', 'impo', 'land', 'lyld', 'lyxo', 'nett', 'nsif', 'nsim', 'nsin', 'nssu', 'nswi', 'othu', 'popt', 'prod', 'watr', 'xprp', 'xprx', 'yecc', 'yexo', 'yiir', 'yild', 'yirf'])
{'model': 'capri', 'scenario': 'baseline', 'region': 'can', 'item': 'sgc', 'variable': 'cali', 'year': '2020', 'unit': 'kcal/cap/d', 'value': '478.4733098'}
'cali' must be one of dict_keys(['area', 'arir', 'arrf', 'calo', 'cons', 'ctax', 'ech4', 'eco2', 'emis', 'en2o', 'expo', 'fdry', 'feed', 'feef', 'fexo', 'ffsh', 'fnrm', 'food', 'frtn', 'frum', 'gdpt', 'impo', 'land', 'lyld', 'lyxo', 'nett', 'nsif', 'nsim', 'nsin', 'nssu', 'nswi', 'othu', 'popt', 'prod', 'watr', 'xprp', 'xprx', 'yecc', 'yexo', 'yiir', 'yild', 'yirf'])
{'model': 'capri', 'scenario': 'baseline', 'region': 'can', 'item': 'wht', 'variable': 'adval_equ', 'year': '2020', 'unit': '%', 'value': '18.77584751'}
'adval_equ' must be one of dict_keys(['area', 'arir', 'arrf', 'calo', 'cons', 'ctax', 'ech4', 'eco2', 'emis', 'en2o', 'expo', 'fdry', 'feed', 'feef', 'fexo', 'ffsh', 'fnrm', 'food', 'frtn', 'frum', 'gdpt', 'impo', 'land', 'lyld', 'lyxo', 'nett', 'nsif', 'nsim', 'nsin', 'nssu', 'nswi', 'othu', 'popt', 'prod', 'watr', 'xprp', 'xprx', 'yecc', 'yexo', 'yiir', 'yild', 'yirf'])
{'model': 'capri', 'scenario': 'baseline', 'region': 'can', 'item': 'sgc', 'variable': 'cali', 'year': '2050', 'unit': 'kcal/cap/d', 'value': '514.4659897'}
'cali' must be one of dict_keys(['area', 'arir', 'arrf', 'calo', 'cons', 'ctax', 'ech4', 'eco2', 'emis', 'en2o', 'expo', 'fdry', 'feed', 'feef', 'fexo', 'ffsh', 'fnrm', 'food', 'frtn', 'frum', 'gdpt', 'impo', 'land', 'lyld', 'lyxo', 'nett', 'nsif', 'nsim', 'nsin', 'nssu', 'nswi', 'othu', 'popt', 'prod', 'watr', 'xprp', 'xprx', 'yecc', 'yexo', 'yiir', 'yild', 'yirf'])
{'model': 'capri', 'scenario': 'baseline', 'region': 'can', 'item': 'osd', 'variable': 'cali', 'year': '2020', 'unit': 'kcal/cap/d', 'value': '239.1145802'}
'cali' must be one of dict_keys(['area', 'arir', 'arrf', 'calo', 'cons', 'ctax', 'ech4', 'eco2', 'emis', 'en2o', 'expo', 'fdry', 'feed', 'feef', 'fexo', 'ffsh', 'fnrm', 'food', 'frtn', 'frum', 'gdpt', 'impo', 'land', 'lyld', 'lyxo', 'nett', 'nsif', 'nsim', 'nsin', 'nssu', 'nswi', 'othu', 'popt', 'prod', 'watr', 'xprp', 'xprx', 'yecc', 'yexo', 'yiir', 'yild', 'yirf'])
{'model': 'capri', 'scenario': 'baseline', 'region': 'can', 'item': 'vfn', 'variable': 'adval_equ', 'year': '2040', 'unit': '%', 'value': '1.973199373'}
'adval_equ' must be one of dict_keys(['area', 'arir', 'arrf', 'calo', 'cons', 'ctax', 'ech4', 'eco2', 'emis', 'en2o', 'expo', 'fdry', 'feed', 'feef', 'fexo', 'ffsh', 'fnrm', 'food', 'frtn', 'frum', 'gdpt', 'impo', 'land', 'lyld', 'lyxo', 'nett', 'nsif', 'nsim', 'nsin', 'nssu', 'nswi', 'othu', 'popt', 'prod', 'watr', 'xprp', 'xprx', 'yecc', 'yexo', 'yiir', 'yild', 'yirf'])
{'model': 'capri', 'scenario': 'baseline', 'region': 'can', 'item': 'osd', 'variable': 'adval_equ', 'year': '2050', 'unit': '%', 'value': '1.527482491'}
'adval_equ' must be one of dict_keys(['area', 'arir', 'arrf', 'calo', 'cons', 'ctax', 'ech4', 'eco2', 'emis', 'en2o', 'expo', 'fdry', 'feed', 'feef', 'fexo', 'ffsh', 'fnrm', 'food', 'frtn', 'frum', 'gdpt', 'impo', 'land', 'lyld', 'lyxo', 'nett', 'nsif', 'nsim', 'nsin', 'nssu', 'nswi', 'othu', 'popt', 'prod', 'watr', 'xprp', 'xprx', 'yecc', 'yexo', 'yiir', 'yild', 'yirf'])
{'model': 'capri', 'scenario': 'baseline', 'region': 'can', 'item': 'wht', 'variable': 'cali', 'year': '2030', 'unit': 'kcal/cap/d', 'value': '299.3469047'}
'cali' must be one of dict_keys(['area', 'arir', 'arrf', 'calo', 'cons', 'ctax', 'ech4', 'eco2', 'emis', 'en2o', 'expo', 'fdry', 'feed', 'feef', 'fexo', 'ffsh', 'fnrm', 'food', 'frtn', 'frum', 'gdpt', 'impo', 'land', 'lyld', 'lyxo', 'nett', 'nsif', 'nsim', 'nsin', 'nssu', 'nswi', 'othu', 'popt', 'prod', 'watr', 'xprp', 'xprx', 'yecc', 'yexo', 'yiir', 'yild', 'yirf'])
{'model': 'capri', 'scenario': 'baseline', 'region': 'can', 'item': 'leg', 'variable': 'adval_equ', 'year': '2040', 'unit': '%', 'value': '0.1775506'}
'adval_equ' must be one of dict_keys(['area', 'arir', 'arrf', 'calo', 'cons', 'ctax', 'ech4', 'eco2', 'emis', 'en2o', 'expo', 'fdry', 'feed', 'feef', 'fexo', 'ffsh', 'fnrm', 'food', 'frtn', 'frum', 'gdpt', 'impo', 'land', 'lyld', 'lyxo', 'nett', 'nsif', 'nsim', 'nsin', 'nssu', 'nswi', 'othu', 'popt', 'prod', 'watr', 'xprp', 'xprx', 'yecc', 'yexo', 'yiir', 'yild', 'yirf'])
{'model': 'capri', 'scenario': 'baseline', 'region': 'can', 'item': 'vfn', 'variable': 'adval_equ', 'year': '2030', 'unit': '%', 'value': '1.987408169'}
'adval_equ' must be one of dict_keys(['area', 'arir', 'arrf', 'calo', 'cons', 'ctax', 'ech4', 'eco2', 'emis', 'en2o', 'expo', 'fdry', 'feed', 'feef', 'fexo', 'ffsh', 'fnrm', 'food', 'frtn', 'frum', 'gdpt', 'impo', 'land', 'lyld', 'lyxo', 'nett', 'nsif', 'nsim', 'nsin', 'nssu', 'nswi', 'othu', 'popt', 'prod', 'watr', 'xprp', 'xprx', 'yecc', 'yexo', 'yiir', 'yild', 'yirf'])
{'model': 'capri', 'scenario': 'baseline', 'region': 'can', 'item': 'osd', 'variable': 'cali', 'year': '2040', 'unit': 'kcal/cap/d', 'value': '256.4700543'}
'cali' must be one of dict_keys(['area', 'arir', 'arrf', 'calo', 'cons', 'ctax', 'ech4', 'eco2', 'emis', 'en2o', 'expo', 'fdry', 'feed', 'feef', 'fexo', 'ffsh', 'fnrm', 'food', 'frtn', 'frum', 'gdpt', 'impo', 'land', 'lyld', 'lyxo', 'nett', 'nsif', 'nsim', 'nsin', 'nssu', 'nswi', 'othu', 'popt', 'prod', 'watr', 'xprp', 'xprx', 'yecc', 'yexo', 'yiir', 'yild', 'yirf'])
{'model': 'capri', 'scenario': 'baseline', 'region': 'can', 'item': 'sgc', 'variable': 'adval_equ', 'year': '2040', 'unit': '%', 'value': '2.683529452'}
'adval_equ' must be one of dict_keys(['area', 'arir', 'arrf', 'calo', 'cons', 'ctax', 'ech4', 'eco2', 'emis', 'en2o', 'expo', 'fdry', 'feed', 'feef', 'fexo', 'ffsh', 'fnrm', 'food', 'frtn', 'frum', 'gdpt', 'impo', 'land', 'lyld', 'lyxo', 'nett', 'nsif', 'nsim', 'nsin', 'nssu', 'nswi', 'othu', 'popt', 'prod', 'watr', 'xprp', 'xprx', 'yecc', 'yexo', 'yiir', 'yild', 'yirf'])
{'model': 'capri', 'scenario': 'baseline', 'region': 'can', 'item': 'osd', 'variable': 'cali', 'year': '2050', 'unit': 'kcal/cap/d', 'value': '233.2263599'}
'cali' must be one of dict_keys(['area', 'arir', 'arrf', 'calo', 'cons', 'ctax', 'ech4', 'eco2', 'emis', 'en2o', 'expo', 'fdry', 'feed', 'feef', 'fexo', 'ffsh', 'fnrm', 'food', 'frtn', 'frum', 'gdpt', 'impo', 'land', 'lyld', 'lyxo', 'nett', 'nsif', 'nsim', 'nsin', 'nssu', 'nswi', 'othu', 'popt', 'prod', 'watr', 'xprp', 'xprx', 'yecc', 'yexo', 'yiir', 'yild', 'yirf'])
{'model': 'capri', 'scenario': 'baseline', 'region': 'can', 'item': 'leg', 'variable': 'cali', 'year': '2020', 'unit': 'kcal/cap/d', 'value': '65.22527435'}
'cali' must be one of dict_keys(['area', 'arir', 'arrf', 'calo', 'cons', 'ctax', 'ech4', 'eco2', 'emis', 'en2o', 'expo', 'fdry', 'feed', 'feef', 'fexo', 'ffsh', 'fnrm', 'food', 'frtn', 'frum', 'gdpt', 'impo', 'land', 'lyld', 'lyxo', 'nett', 'nsif', 'nsim', 'nsin', 'nssu', 'nswi', 'othu', 'popt', 'prod', 'watr', 'xprp', 'xprx', 'yecc', 'yexo', 'yiir', 'yild', 'yirf'])
{'model': 'capri', 'scenario': 'baseline', 'region': 'can', 'item': 'ric', 'variable': 'adval_equ', 'year': '2040', 'unit': '%', 'value': '1.232559111'}
'adval_equ' must be one of dict_keys(['area', 'arir', 'arrf', 'calo', 'cons', 'ctax', 'ech4', 'eco2', 'emis', 'en2o', 'expo', 'fdry', 'feed', 'feef', 'fexo', 'ffsh', 'fnrm', 'food', 'frtn', 'frum', 'gdpt', 'impo', 'land', 'lyld', 'lyxo', 'nett', 'nsif', 'nsim', 'nsin', 'nssu', 'nswi', 'othu', 'popt', 'prod', 'watr', 'xprp', 'xprx', 'yecc', 'yexo', 'yiir', 'yild', 'yirf'])
{'model': 'capri', 'scenario': 'baseline', 'region': 'can', 'item': 'osd', 'variable': 'adval_equ', 'year': '2030', 'unit': '%', 'value': '1.491792026'}
'adval_equ' must be one of dict_keys(['area', 'arir', 'arrf', 'calo', 'cons', 'ctax', 'ech4', 'eco2', 'emis', 'en2o', 'expo', 'fdry', 'feed', 'feef', 'fexo', 'ffsh', 'fnrm', 'food', 'frtn', 'frum', 'gdpt', 'impo', 'land', 'lyld', 'lyxo', 'nett', 'nsif', 'nsim', 'nsin', 'nssu', 'nswi', 'othu', 'popt', 'prod', 'watr', 'xprp', 'xprx', 'yecc', 'yexo', 'yiir', 'yild', 'yirf'])
{'model': 'capri', 'scenario': 'baseline', 'region': 'can', 'item': 'leg', 'variable': 'cali', 'year': '2030', 'unit': 'kcal/cap/d', 'value': '63.12008973'}
'cali' must be one of dict_keys(['area', 'arir', 'arrf', 'calo', 'cons', 'ctax', 'ech4', 'eco2', 'emis', 'en2o', 'expo', 'fdry', 'feed', 'feef', 'fexo', 'ffsh', 'fnrm', 'food', 'frtn', 'frum', 'gdpt', 'impo', 'land', 'lyld', 'lyxo', 'nett', 'nsif', 'nsim', 'nsin', 'nssu', 'nswi', 'othu', 'popt', 'prod', 'watr', 'xprp', 'xprx', 'yecc', 'yexo', 'yiir', 'yild', 'yirf'])
{'model': 'capri', 'scenario': 'baseline', 'region': 'can', 'item': 'cgr', 'variable': 'adval_equ', 'year': '2050', 'unit': '%', 'value': '9.460968508'}
'adval_equ' must be one of dict_keys(['area', 'arir', 'arrf', 'calo', 'cons', 'ctax', 'ech4', 'eco2', 'emis', 'en2o', 'expo', 'fdry', 'feed', 'feef', 'fexo', 'ffsh', 'fnrm', 'food', 'frtn', 'frum', 'gdpt', 'impo', 'land', 'lyld', 'lyxo', 'nett', 'nsif', 'nsim', 'nsin', 'nssu', 'nswi', 'othu', 'popt', 'prod', 'watr', 'xprp', 'xprx', 'yecc', 'yexo', 'yiir', 'yild', 'yirf'])
{'model': 'capri', 'scenario': 'baseline', 'region': 'can', 'item': 'cgr', 'variable': 'cali', 'year': '2030', 'unit': 'kcal/cap/d', 'value': '116.4621703'}
'cali' must be one of dict_keys(['area', 'arir', 'arrf', 'calo', 'cons', 'ctax', 'ech4', 'eco2', 'emis', 'en2o', 'expo', 'fdry', 'feed', 'feef', 'fexo', 'ffsh', 'fnrm', 'food', 'frtn', 'frum', 'gdpt', 'impo', 'land', 'lyld', 'lyxo', 'nett', 'nsif', 'nsim', 'nsin', 'nssu', 'nswi', 'othu', 'popt', 'prod', 'watr', 'xprp', 'xprx', 'yecc', 'yexo', 'yiir', 'yild', 'yirf'])
{'model': 'capri', 'scenario': 'baseline', 'region': 'can', 'item': 'cgr', 'variable': 'cali', 'year': '2020', 'unit': 'kcal/cap/d', 'value': '149.9465772'}
'cali' must be one of dict_keys(['area', 'arir', 'arrf', 'calo', 'cons', 'ctax', 'ech4', 'eco2', 'emis', 'en2o', 'expo', 'fdry', 'feed', 'feef', 'fexo', 'ffsh', 'fnrm', 'food', 'frtn', 'frum', 'gdpt', 'impo', 'land', 'lyld', 'lyxo', 'nett', 'nsif', 'nsim', 'nsin', 'nssu', 'nswi', 'othu', 'popt', 'prod', 'watr', 'xprp', 'xprx', 'yecc', 'yexo', 'yiir', 'yild', 'yirf'])
{'model': 'capri', 'scenario': 'baseline', 'region': 'can', 'item': 'ric', 'variable': 'cali', 'year': '2050', 'unit': 'kcal/cap/d', 'value': '47.71853752'}
'cali' must be one of dict_keys(['area', 'arir', 'arrf', 'calo', 'cons', 'ctax', 'ech4', 'eco2', 'emis', 'en2o', 'expo', 'fdry', 'feed', 'feef', 'fexo', 'ffsh', 'fnrm', 'food', 'frtn', 'frum', 'gdpt', 'impo', 'land', 'lyld', 'lyxo', 'nett', 'nsif', 'nsim', 'nsin', 'nssu', 'nswi', 'othu', 'popt', 'prod', 'watr', 'xprp', 'xprx', 'yecc', 'yexo', 'yiir', 'yild', 'yirf'])
{'model': 'capri', 'scenario': 'baseline', 'region': 'can', 'item': 'wht', 'variable': 'cali', 'year': '2020', 'unit': 'kcal/cap/d', 'value': '306.3522521'}
'cali' must be one of dict_keys(['area', 'arir', 'arrf', 'calo', 'cons', 'ctax', 'ech4', 'eco2', 'emis', 'en2o', 'expo', 'fdry', 'feed', 'feef', 'fexo', 'ffsh', 'fnrm', 'food', 'frtn', 'frum', 'gdpt', 'impo', 'land', 'lyld', 'lyxo', 'nett', 'nsif', 'nsim', 'nsin', 'nssu', 'nswi', 'othu', 'popt', 'prod', 'watr', 'xprp', 'xprx', 'yecc', 'yexo', 'yiir', 'yild', 'yirf'])
{'model': 'capri', 'scenario': 'baseline', 'region': 'can', 'item': 'wht', 'variable': 'adval_equ', 'year': '2040', 'unit': '%', 'value': '18.55162139'}
'adval_equ' must be one of dict_keys(['area', 'arir', 'arrf', 'calo', 'cons', 'ctax', 'ech4', 'eco2', 'emis', 'en2o', 'expo', 'fdry', 'feed', 'feef', 'fexo', 'ffsh', 'fnrm', 'food', 'frtn', 'frum', 'gdpt', 'impo', 'land', 'lyld', 'lyxo', 'nett', 'nsif', 'nsim', 'nsin', 'nssu', 'nswi', 'othu', 'popt', 'prod', 'watr', 'xprp', 'xprx', 'yecc', 'yexo', 'yiir', 'yild', 'yirf'])
{'model': 'capri', 'scenario': 'baseline', 'region': 'can', 'item': 'sgc', 'variable': 'adval_equ', 'year': '2050', 'unit': '%', 'value': '2.756015723'}
'adval_equ' must be one of dict_keys(['area', 'arir', 'arrf', 'calo', 'cons', 'ctax', 'ech4', 'eco2', 'emis', 'en2o', 'expo', 'fdry', 'feed', 'feef', 'fexo', 'ffsh', 'fnrm', 'food', 'frtn', 'frum', 'gdpt', 'impo', 'land', 'lyld', 'lyxo', 'nett', 'nsif', 'nsim', 'nsin', 'nssu', 'nswi', 'othu', 'popt', 'prod', 'watr', 'xprp', 'xprx', 'yecc', 'yexo', 'yiir', 'yild', 'yirf'])
{'model': 'capri', 'scenario': 'baseline', 'region': 'can', 'item': 'sgc', 'variable': 'cali', 'year': '2040', 'unit': 'kcal/cap/d', 'value': '527.1719898'}
'cali' must be one of dict_keys(['area', 'arir', 'arrf', 'calo', 'cons', 'ctax', 'ech4', 'eco2', 'emis', 'en2o', 'expo', 'fdry', 'feed', 'feef', 'fexo', 'ffsh', 'fnrm', 'food', 'frtn', 'frum', 'gdpt', 'impo', 'land', 'lyld', 'lyxo', 'nett', 'nsif', 'nsim', 'nsin', 'nssu', 'nswi', 'othu', 'popt', 'prod', 'watr', 'xprp', 'xprx', 'yecc', 'yexo', 'yiir', 'yild', 'yirf'])
{'model': 'capri', 'scenario': 'baseline', 'region': 'can', 'item': 'sgc', 'variable': 'adval_equ', 'year': '2020', 'unit': '%', 'value': '2.840845951'}
'adval_equ' must be one of dict_keys(['area', 'arir', 'arrf', 'calo', 'cons', 'ctax', 'ech4', 'eco2', 'emis', 'en2o', 'expo', 'fdry', 'feed', 'feef', 'fexo', 'ffsh', 'fnrm', 'food', 'frtn', 'frum', 'gdpt', 'impo', 'land', 'lyld', 'lyxo', 'nett', 'nsif', 'nsim', 'nsin', 'nssu', 'nswi', 'othu', 'popt', 'prod', 'watr', 'xprp', 'xprx', 'yecc', 'yexo', 'yiir', 'yild', 'yirf'])
{'model': 'capri', 'scenario': 'baseline', 'region': 'can', 'item': 'cgr', 'variable': 'adval_equ', 'year': '2030', 'unit': '%', 'value': '9.078667922'}
'adval_equ' must be one of dict_keys(['area', 'arir', 'arrf', 'calo', 'cons', 'ctax', 'ech4', 'eco2', 'emis', 'en2o', 'expo', 'fdry', 'feed', 'feef', 'fexo', 'ffsh', 'fnrm', 'food', 'frtn', 'frum', 'gdpt', 'impo', 'land', 'lyld', 'lyxo', 'nett', 'nsif', 'nsim', 'nsin', 'nssu', 'nswi', 'othu', 'popt', 'prod', 'watr', 'xprp', 'xprx', 'yecc', 'yexo', 'yiir', 'yild', 'yirf'])
Temporary validated file deleted
Traceback (most recent call last):
  File "/app/acc_native_jobs/__init__.py", line 42, in wrapper_func
    func(*args, **kwargs)
  File "/app/acc_native_jobs/__init__.py", line 65, in verify_csv_regional_timeseries
    csv_regional_timeseries_verification_service()
  File "/app/acc_native_jobs/validate_csv_regional_timeseries.py", line 291, in __call__
    raise ValueError("Invalid data: Data not comply with template rules.")
ValueError: Invalid data: Data not comply with template rules.
